[0.018s] Invoking command in '/root/autodl-tmp/ros2_ws/src/build/fastbev_trt_ros': CMAKE_PREFIX_PATH=/opt/ros/foxy CONDA_PROMPT_MODIFIER=(base) /root/miniconda3/bin/cmake /root/autodl-tmp/ros2_ws/src/fastbev_trt_ros -DPYTHON_EXECUTABLE=/usr/bin/python3 -DPython3_EXECUTABLE=/usr/bin/python3 -DCMAKE_IGNORE_PATH=/root/miniconda3;/root/miniconda3/envs/fastbev -DAMENT_CMAKE_SYMLINK_INSTALL=1 -DCMAKE_INSTALL_PREFIX=/root/autodl-tmp/ros2_ws/src/install/fastbev_trt_ros
[0.142s] -- The C compiler identification is GNU 9.4.0
[0.237s] -- The CXX compiler identification is GNU 9.4.0
[0.253s] -- Detecting C compiler ABI info
[0.354s] -- Detecting C compiler ABI info - done
[0.390s] -- Check for working C compiler: /usr/bin/cc - skipped
[0.391s] -- Detecting C compile features
[0.392s] -- Detecting C compile features - done
[0.403s] -- Detecting CXX compiler ABI info
[0.524s] -- Detecting CXX compiler ABI info - done
[0.558s] -- Check for working CXX compiler: /usr/bin/c++ - skipped
[0.559s] -- Detecting CXX compile features
[0.561s] -- Detecting CXX compile features - done
[0.565s] -- Found ament_cmake: 0.9.12 (/opt/ros/foxy/share/ament_cmake/cmake)
[0.600s] -- Found PythonInterp: /usr/bin/python3 (found suitable version "3.8.10", minimum required is "3") 
[0.600s] -- Using PYTHON_EXECUTABLE: /usr/bin/python3
[0.773s] -- Override CMake install command with custom implementation using symlinks instead of copying resources
[0.800s] -- Found rclcpp: 2.4.3 (/opt/ros/foxy/share/rclcpp/cmake)
[0.860s] -- Using all available rosidl_typesupport_c: rosidl_typesupport_fastrtps_c;rosidl_typesupport_introspection_c
[0.866s] -- Found rosidl_adapter: 1.3.1 (/opt/ros/foxy/share/rosidl_adapter/cmake)
[0.956s] -- Found OpenSSL: /usr/lib/x86_64-linux-gnu/libcrypto.so (found version "1.1.1f")  
[0.989s] -- Found FastRTPS: /opt/ros/foxy/include  
[1.080s] -- Using all available rosidl_typesupport_cpp: rosidl_typesupport_fastrtps_cpp;rosidl_typesupport_introspection_cpp
[1.143s] -- Found rmw_implementation_cmake: 1.0.4 (/opt/ros/foxy/share/rmw_implementation_cmake/cmake)
[1.144s] -- Using RMW implementation 'rmw_fastrtps_cpp' as default
[1.145s] -- Performing Test CMAKE_HAVE_LIBC_PTHREAD
[1.253s] -- Performing Test CMAKE_HAVE_LIBC_PTHREAD - Failed
[1.253s] -- Looking for pthread_create in pthreads
[1.327s] -- Looking for pthread_create in pthreads - not found
[1.328s] -- Looking for pthread_create in pthread
[1.420s] -- Looking for pthread_create in pthread - found
[1.423s] -- Found Threads: TRUE  
[1.639s] -- Found sensor_msgs: 2.0.5 (/opt/ros/foxy/share/sensor_msgs/cmake)
[1.776s] -- Found cv_bridge: 3.0.7 (/opt/ros/foxy/share/cv_bridge/cmake)
[1.807s] -- Found image_transport: 2.4.0 (/opt/ros/foxy/share/image_transport/cmake)
[1.858s] -- Found OpenCV: /usr (found version "4.2.0") found components: core imgproc 
[1.972s] -- Configuring done (1.9s)
[1.996s] -- Generating done (0.0s)
[1.998s] [33mCMake Warning:
[1.998s]   Manually-specified variables were not used by the project:
[1.998s] 
[1.999s]     Python3_EXECUTABLE
[1.999s] 
[1.999s] [0m
[2.001s] -- Build files have been written to: /root/autodl-tmp/ros2_ws/src/build/fastbev_trt_ros
[2.020s] Invoked command in '/root/autodl-tmp/ros2_ws/src/build/fastbev_trt_ros' returned '0': CMAKE_PREFIX_PATH=/opt/ros/foxy CONDA_PROMPT_MODIFIER=(base) /root/miniconda3/bin/cmake /root/autodl-tmp/ros2_ws/src/fastbev_trt_ros -DPYTHON_EXECUTABLE=/usr/bin/python3 -DPython3_EXECUTABLE=/usr/bin/python3 -DCMAKE_IGNORE_PATH=/root/miniconda3;/root/miniconda3/envs/fastbev -DAMENT_CMAKE_SYMLINK_INSTALL=1 -DCMAKE_INSTALL_PREFIX=/root/autodl-tmp/ros2_ws/src/install/fastbev_trt_ros
[2.026s] Invoking command in '/root/autodl-tmp/ros2_ws/src/build/fastbev_trt_ros': CMAKE_PREFIX_PATH=/opt/ros/foxy CONDA_PROMPT_MODIFIER=(base) /root/miniconda3/bin/cmake --build /root/autodl-tmp/ros2_ws/src/build/fastbev_trt_ros -- -j192 -l192
[2.115s] [ 50%] [32mBuilding CXX object CMakeFiles/fastbev_node.dir/src/fastbev_node.cpp.o[0m
[11.255s] [100%] [32m[1mLinking CXX executable fastbev_node[0m
[12.105s] /usr/bin/ld: warning: libcudart-a7b20f20.so.11.3.109, needed by /root/miniconda3/envs/fastbev/lib/libspconv.so, not found (try using -rpath or -rpath-link)
[12.106s] /usr/bin/ld: /root/miniconda3/envs/fastbev/lib/libspconv.so: undefined reference to `PyInstanceMethod_Type'
[12.106s] /usr/bin/ld: /root/miniconda3/envs/fastbev/lib/libspconv.so: undefined reference to `PyDict_DelItemString'
[12.106s] /usr/bin/ld: /root/miniconda3/envs/fastbev/lib/libspconv.so: undefined reference to `_Py_Dealloc'
[12.107s] /usr/bin/ld: /root/miniconda3/envs/fastbev/lib/libspconv.so: undefined reference to `PyByteArray_AsString'
[12.107s] /usr/bin/ld: /root/miniconda3/envs/fastbev/lib/libspconv.so: undefined reference to `PyLong_FromLong'
[12.107s] /usr/bin/ld: /root/miniconda3/envs/fastbev/lib/libspconv.so: undefined reference to `PyModule_Create2'
[12.108s] /usr/bin/ld: /root/miniconda3/envs/fastbev/lib/libspconv.so: undefined reference to `PyByteArray_Type'
[12.108s] /usr/bin/ld: /root/miniconda3/envs/fastbev/lib/libspconv.so: undefined reference to `PyLong_FromSsize_t'
[12.109s] /usr/bin/ld: /root/miniconda3/envs/fastbev/lib/libspconv.so: undefined reference to `PyObject_SetAttrString'
[12.109s] /usr/bin/ld: /root/miniconda3/envs/fastbev/lib/libspconv.so: undefined reference to `PyType_IsSubtype'
[12.109s] /usr/bin/ld: /root/miniconda3/envs/fastbev/lib/libspconv.so: undefined reference to `PyErr_Fetch'
[12.110s] /usr/bin/ld: /root/miniconda3/envs/fastbev/lib/libspconv.so: undefined reference to `PyException_SetTraceback'
[12.110s] /usr/bin/ld: /root/miniconda3/envs/fastbev/lib/libspconv.so: undefined reference to `PyExc_RuntimeError'
[12.110s] /usr/bin/ld: /root/miniconda3/envs/fastbev/lib/libspconv.so: undefined reference to `PyDict_Copy'
[12.111s] /usr/bin/ld: /root/miniconda3/envs/fastbev/lib/libspconv.so: undefined reference to `_PyThreadState_UncheckedGet'
[12.111s] /usr/bin/ld: /root/miniconda3/envs/fastbev/lib/libspconv.so: undefined reference to `PyEval_RestoreThread'
[12.112s] /usr/bin/ld: /root/miniconda3/envs/fastbev/lib/libspconv.so: undefined reference to `PyDict_Size'
[12.112s] /usr/bin/ld: /root/miniconda3/envs/fastbev/lib/libspconv.so: undefined reference to `PyExc_MemoryError'
[12.113s] /usr/bin/ld: /root/miniconda3/envs/fastbev/lib/libspconv.so: undefined reference to `PyStaticMethod_New'
[12.113s] /usr/bin/ld: /root/miniconda3/envs/fastbev/lib/libspconv.so: undefined reference to `PyUnicode_DecodeUTF8'
[12.113s] /usr/bin/ld: /root/miniconda3/envs/fastbev/lib/libspconv.so: undefined reference to `PyUnicode_FromString'
[12.113s] /usr/bin/ld: /root/miniconda3/envs/fastbev/lib/libspconv.so: undefined reference to `PyBaseObject_Type'
[12.113s] /usr/bin/ld: /root/miniconda3/envs/fastbev/lib/libspconv.so: undefined reference to `PyNumber_Check'
[12.114s] /usr/bin/ld: /root/miniconda3/envs/fastbev/lib/libspconv.so: undefined reference to `PyModule_Type'
[12.114s] /usr/bin/ld: /root/miniconda3/envs/fastbev/lib/libspconv.so: undefined reference to `PyErr_WriteUnraisable'
[12.114s] /usr/bin/ld: /root/miniconda3/envs/fastbev/lib/libspconv.so: undefined reference to `PyThread_tss_create'
[12.114s] /usr/bin/ld: /root/miniconda3/envs/fastbev/lib/libspconv.so: undefined reference to `PyObject_HasAttrString'
[12.114s] /usr/bin/ld: /root/miniconda3/envs/fastbev/lib/libspconv.so: undefined reference to `PyBytes_AsString'
[12.115s] /usr/bin/ld: /root/miniconda3/envs/fastbev/lib/libspconv.so: undefined reference to `PyByteArray_Size'
[12.115s] /usr/bin/ld: /root/miniconda3/envs/fastbev/lib/libspconv.so: undefined reference to `PyCapsule_GetContext'
[12.115s] /usr/bin/ld: /root/miniconda3/envs/fastbev/lib/libspconv.so: undefined reference to `_PyType_Lookup'
[12.115s] /usr/bin/ld: /root/miniconda3/envs/fastbev/lib/libspconv.so: undefined reference to `PyThreadState_Clear'
[12.116s] /usr/bin/ld: /root/miniconda3/envs/fastbev/lib/libspconv.so: undefined reference to `PyErr_Clear'
[12.116s] /usr/bin/ld: /root/miniconda3/envs/fastbev/lib/libspconv.so: undefined reference to `PyCallable_Check'
[12.116s] /usr/bin/ld: /root/miniconda3/envs/fastbev/lib/libspconv.so: undefined reference to `PyNumber_Xor'
[12.116s] /usr/bin/ld: /root/miniconda3/envs/fastbev/lib/libspconv.so: undefined reference to `PyCapsule_New'
[12.117s] /usr/bin/ld: /root/miniconda3/envs/fastbev/lib/libspconv.so: undefined reference to `PyMem_Calloc'
[12.117s] /usr/bin/ld: /root/miniconda3/envs/fastbev/lib/libspconv.so: undefined reference to `PyBuffer_Release'
[12.118s] /usr/bin/ld: /root/miniconda3/envs/fastbev/lib/libspconv.so: undefined reference to `PyBytes_Size'
[12.118s] /usr/bin/ld: /root/miniconda3/envs/fastbev/lib/libspconv.so: undefined reference to `PyNumber_Or'
[12.118s] /usr/bin/ld: /root/miniconda3/envs/fastbev/lib/libspconv.so: undefined reference to `PySequence_Size'
[12.118s] /usr/bin/ld: /root/miniconda3/envs/fastbev/lib/libspconv.so: undefined reference to `PyExc_TypeError'
[12.118s] /usr/bin/ld: /root/miniconda3/envs/fastbev/lib/libspconv.so: undefined reference to `PyLong_AsUnsignedLong'
[12.119s] /usr/bin/ld: /root/miniconda3/envs/fastbev/lib/libspconv.so: undefined reference to `PyNumber_Long'
[12.119s] /usr/bin/ld: /root/miniconda3/envs/fastbev/lib/libspconv.so: undefined reference to `PyType_Ready'
[12.119s] /usr/bin/ld: /root/miniconda3/envs/fastbev/lib/libspconv.so: undefined reference to `PyGILState_Check'
[12.119s] /usr/bin/ld: /root/miniconda3/envs/fastbev/lib/libspconv.so: undefined reference to `PyFloat_FromDouble'
[12.119s] /usr/bin/ld: /root/miniconda3/envs/fastbev/lib/libspconv.so: undefined reference to `PyTuple_GetItem'
[12.120s] /usr/bin/ld: /root/miniconda3/envs/fastbev/lib/libspconv.so: undefined reference to `_PyObject_GetDictPtr'
[12.120s] /usr/bin/ld: /root/miniconda3/envs/fastbev/lib/libspconv.so: undefined reference to `PyObject_Malloc'
[12.120s] /usr/bin/ld: /root/miniconda3/envs/fastbev/lib/libspconv.so: undefined reference to `PyTuple_SetItem'
[12.120s] /usr/bin/ld: /root/miniconda3/envs/fastbev/lib/libspconv.so: undefined reference to `PyThread_tss_get'
[12.120s] /usr/bin/ld: /root/miniconda3/envs/fastbev/lib/libspconv.so: undefined reference to `PyErr_Restore'
[12.120s] /usr/bin/ld: /root/miniconda3/envs/fastbev/lib/libspconv.so: undefined reference to `PyErr_WarnEx'
[12.121s] /usr/bin/ld: /root/miniconda3/envs/fastbev/lib/libspconv.so: undefined reference to `PyCapsule_SetName'
[12.121s] /usr/bin/ld: /root/miniconda3/envs/fastbev/lib/libspconv.so: undefined reference to `PyThread_tss_alloc'
[12.121s] /usr/bin/ld: /root/miniconda3/envs/fastbev/lib/libspconv.so: undefined reference to `PyLong_FromSize_t'
[12.121s] /usr/bin/ld: /root/miniconda3/envs/fastbev/lib/libspconv.so: undefined reference to `PyList_Size'
[12.121s] /usr/bin/ld: /root/miniconda3/envs/fastbev/lib/libspconv.so: undefined reference to `PyCFunction_Type'
[12.121s] /usr/bin/ld: /root/miniconda3/envs/fastbev/lib/libspconv.so: undefined reference to `PyGILState_GetThisThreadState'
[12.122s] /usr/bin/ld: /root/miniconda3/envs/fastbev/lib/libspconv.so: undefined reference to `PyBytes_AsStringAndSize'
[12.122s] /usr/bin/ld: /root/miniconda3/envs/fastbev/lib/libspconv.so: undefined reference to `PyUnicode_AsEncodedString'
[12.122s] /usr/bin/ld: /root/miniconda3/envs/fastbev/lib/libspconv.so: undefined reference to `PyMethod_Type'
[12.122s] /usr/bin/ld: /root/miniconda3/envs/fastbev/lib/libspconv.so: undefined reference to `PyTuple_New'
[12.122s] /usr/bin/ld: /root/miniconda3/envs/fastbev/lib/libspconv.so: undefined reference to `PyImport_AddModule'
[12.123s] /usr/bin/ld: /root/miniconda3/envs/fastbev/lib/libspconv.so: undefined reference to `PyObject_CallFunctionObjArgs'
[12.123s] /usr/bin/ld: /root/miniconda3/envs/fastbev/lib/libspconv.so: undefined reference to `PyExc_ImportError'
[12.123s] /usr/bin/ld: /root/miniconda3/envs/fastbev/lib/libspconv.so: undefined reference to `PyErr_Occurred'
[12.123s] /usr/bin/ld: /root/miniconda3/envs/fastbev/lib/libspconv.so: undefined reference to `PyThreadState_DeleteCurrent'
[12.123s] /usr/bin/ld: /root/miniconda3/envs/fastbev/lib/libspconv.so: undefined reference to `PySequence_Tuple'
[12.124s] /usr/bin/ld: /root/miniconda3/envs/fastbev/lib/libspconv.so: undefined reference to `PyWeakref_NewRef'
[12.124s] /usr/bin/ld: /root/miniconda3/envs/fastbev/lib/libspconv.so: undefined reference to `PyUnicode_AsUTF8String'
[12.125s] /usr/bin/ld: /root/miniconda3/envs/fastbev/lib/libspconv.so: undefined reference to `PyEval_GetBuiltins'
[12.125s] /usr/bin/ld: /root/miniconda3/envs/fastbev/lib/libspconv.so: undefined reference to `PyExc_ValueError'
[12.125s] /usr/bin/ld: /root/miniconda3/envs/fastbev/lib/libspconv.so: undefined reference to `PyUnicode_FromFormat'
[12.126s] /usr/bin/ld: /root/miniconda3/envs/fastbev/lib/libspconv.so: undefined reference to `PyNumber_And'
[12.126s] /usr/bin/ld: /root/miniconda3/envs/fastbev/lib/libspconv.so: undefined reference to `_Py_FalseStruct'
[12.126s] /usr/bin/ld: /root/miniconda3/envs/fastbev/lib/libspconv.so: undefined reference to `PyCapsule_GetName'
[12.127s] /usr/bin/ld: /root/miniconda3/envs/fastbev/lib/libspconv.so: undefined reference to `PyExc_OverflowError'
[12.128s] /usr/bin/ld: /root/miniconda3/envs/fastbev/lib/libspconv.so: undefined reference to `PyDict_Type'
[12.128s] /usr/bin/ld: /root/miniconda3/envs/fastbev/lib/libspconv.so: undefined reference to `PyExc_BufferError'
[12.128s] /usr/bin/ld: /root/miniconda3/envs/fastbev/lib/libspconv.so: undefined reference to `PyException_SetContext'
[12.129s] /usr/bin/ld: /root/miniconda3/envs/fastbev/lib/libspconv.so: undefined reference to `PyGILState_Ensure'
[12.130s] /usr/bin/ld: /root/miniconda3/envs/fastbev/lib/libspconv.so: undefined reference to `PyEval_AcquireThread'
[12.130s] /usr/bin/ld: /root/miniconda3/envs/fastbev/lib/libspconv.so: undefined reference to `PyErr_SetString'
[12.131s] /usr/bin/ld: /root/miniconda3/envs/fastbev/lib/libspconv.so: undefined reference to `PyObject_CallObject'
[12.131s] /usr/bin/ld: /root/miniconda3/envs/fastbev/lib/libspconv.so: undefined reference to `PyThread_tss_set'
[12.131s] /usr/bin/ld: /root/miniconda3/envs/fastbev/lib/libspconv.so: undefined reference to `PyList_GetItem'
[12.131s] /usr/bin/ld: /root/miniconda3/envs/fastbev/lib/libspconv.so: undefined reference to `PyObject_IsInstance'
[12.132s] /usr/bin/ld: /root/miniconda3/envs/fastbev/lib/libspconv.so: undefined reference to `PyMem_Free'
[12.132s] /usr/bin/ld: /root/miniconda3/envs/fastbev/lib/libspconv.so: undefined reference to `PyThreadState_Get'
[12.132s] /usr/bin/ld: /root/miniconda3/envs/fastbev/lib/libspconv.so: undefined reference to `PyNumber_Invert'
[12.133s] /usr/bin/ld: /root/miniconda3/envs/fastbev/lib/libspconv.so: undefined reference to `PyObject_GenericSetDict'
[12.133s] /usr/bin/ld: /root/miniconda3/envs/fastbev/lib/libspconv.so: undefined reference to `PyType_Type'
[12.134s] /usr/bin/ld: /root/miniconda3/envs/fastbev/lib/libspconv.so: undefined reference to `PyThreadState_New'
[12.134s] /usr/bin/ld: /root/miniconda3/envs/fastbev/lib/libspconv.so: undefined reference to `PyObject_Repr'
[12.134s] /usr/bin/ld: /root/miniconda3/envs/fastbev/lib/libspconv.so: undefined reference to `PyProperty_Type'
[12.134s] /usr/bin/ld: /root/miniconda3/envs/fastbev/lib/libspconv.so: undefined reference to `PyFrame_GetLineNumber'
[12.134s] /usr/bin/ld: /root/miniconda3/envs/fastbev/lib/libspconv.so: undefined reference to `PyErr_NormalizeException'
[12.135s] /usr/bin/ld: /root/miniconda3/envs/fastbev/lib/libspconv.so: undefined reference to `PyObject_ClearWeakRefs'
[12.135s] /usr/bin/ld: /root/miniconda3/envs/fastbev/lib/libspconv.so: undefined reference to `PyDict_Next'
[12.135s] /usr/bin/ld: /root/miniconda3/envs/fastbev/lib/libspconv.so: undefined reference to `PyCapsule_GetPointer'
[12.136s] /usr/bin/ld: /root/miniconda3/envs/fastbev/lib/libspconv.so: undefined reference to `_Py_NoneStruct'
[12.136s] /usr/bin/ld: /root/miniconda3/envs/fastbev/lib/libspconv.so: undefined reference to `PyInstanceMethod_New'
[12.136s] /usr/bin/ld: /root/miniconda3/envs/fastbev/lib/libspconv.so: undefined reference to `PyDict_New'
[12.137s] /usr/bin/ld: /root/miniconda3/envs/fastbev/lib/libspconv.so: undefined reference to `PyCapsule_SetPointer'
[12.137s] /usr/bin/ld: /root/miniconda3/envs/fastbev/lib/libspconv.so: undefined reference to `PyObject_RichCompareBool'
[12.138s] /usr/bin/ld: /root/miniconda3/envs/fastbev/lib/libspconv.so: undefined reference to `PyGILState_Release'
[12.138s] /usr/bin/ld: /root/miniconda3/envs/fastbev/lib/libspconv.so: undefined reference to `PySequence_GetItem'
[12.138s] /usr/bin/ld: /root/miniconda3/envs/fastbev/lib/libspconv.so: undefined reference to `_Py_NotImplementedStruct'
[12.138s] /usr/bin/ld: /root/miniconda3/envs/fastbev/lib/libspconv.so: undefined reference to `PyObject_GetItem'
[12.139s] /usr/bin/ld: /root/miniconda3/envs/fastbev/lib/libspconv.so: undefined reference to `PyFrame_FastToLocals'
[12.139s] /usr/bin/ld: /root/miniconda3/envs/fastbev/lib/libspconv.so: undefined reference to `PyObject_SetItem'
[12.139s] /usr/bin/ld: /root/miniconda3/envs/fastbev/lib/libspconv.so: undefined reference to `PyDict_Contains'
[12.139s] /usr/bin/ld: /root/miniconda3/envs/fastbev/lib/libspconv.so: undefined reference to `PyExc_SystemError'
[12.140s] /usr/bin/ld: /root/miniconda3/envs/fastbev/lib/libspconv.so: undefined reference to `PyCapsule_Type'
[12.140s] /usr/bin/ld: /root/miniconda3/envs/fastbev/lib/libspconv.so: undefined reference to `PyNumber_Float'
[12.140s] /usr/bin/ld: /root/miniconda3/envs/fastbev/lib/libspconv.so: undefined reference to `PyLong_AsLong'
[12.141s] /usr/bin/ld: /root/miniconda3/envs/fastbev/lib/libspconv.so: undefined reference to `_Py_TrueStruct'
[12.141s] /usr/bin/ld: /root/miniconda3/envs/fastbev/lib/libspconv.so: undefined reference to `PyFloat_Type'
[12.141s] /usr/bin/ld: /root/miniconda3/envs/fastbev/lib/libspconv.so: undefined reference to `PyExc_IndexError'
[12.142s] /usr/bin/ld: /root/miniconda3/envs/fastbev/lib/libspconv.so: undefined reference to `PyFloat_AsDouble'
[12.142s] /usr/bin/ld: /root/miniconda3/envs/fastbev/lib/libspconv.so: undefined reference to `PyEval_SaveThread'
[12.142s] /usr/bin/ld: /root/miniconda3/envs/fastbev/lib/libspconv.so: undefined reference to `PyCapsule_SetContext'
[12.142s] /usr/bin/ld: /root/miniconda3/envs/fastbev/lib/libspconv.so: undefined reference to `Py_GetVersion'
[12.143s] /usr/bin/ld: /root/miniconda3/envs/fastbev/lib/libspconv.so: undefined reference to `PySequence_Check'
[12.143s] /usr/bin/ld: /root/miniconda3/envs/fastbev/lib/libspconv.so: undefined reference to `PyObject_GC_UnTrack'
[12.143s] /usr/bin/ld: /root/miniconda3/envs/fastbev/lib/libspconv.so: undefined reference to `PyObject_GetAttrString'
[12.144s] /usr/bin/ld: /root/miniconda3/envs/fastbev/lib/libspconv.so: undefined reference to `PyException_SetCause'
[12.144s] /usr/bin/ld: /root/miniconda3/envs/fastbev/lib/libspconv.so: undefined reference to `PyList_New'
[12.144s] /usr/bin/ld: /root/miniconda3/envs/fastbev/lib/libspconv.so: undefined reference to `PyModule_GetName'
[12.144s] /usr/bin/ld: /root/miniconda3/envs/fastbev/lib/libspconv.so: undefined reference to `PyObject_Str'
[12.145s] /usr/bin/ld: /root/miniconda3/envs/fastbev/lib/libspconv.so: undefined reference to `PyExc_FutureWarning'
[12.145s] /usr/bin/ld: /root/miniconda3/envs/fastbev/lib/libspconv.so: undefined reference to `PyDict_GetItemWithError'
[12.145s] /usr/bin/ld: /root/miniconda3/envs/fastbev/lib/libspconv.so: undefined reference to `PyErr_Format'
[12.145s] /usr/bin/ld: /root/miniconda3/envs/fastbev/lib/libspconv.so: undefined reference to `PyObject_SetAttr'
[12.146s] /usr/bin/ld: /root/miniconda3/envs/fastbev/lib/libspconv.so: undefined reference to `PyCFunction_NewEx'
[12.146s] /usr/bin/ld: /root/miniconda3/envs/fastbev/lib/libspconv.so: undefined reference to `PyStaticMethod_Type'
[12.146s] /usr/bin/ld: /root/miniconda3/envs/fastbev/lib/libspconv.so: undefined reference to `PyUnicode_AsUTF8AndSize'
[12.146s] /usr/bin/ld: /root/miniconda3/envs/fastbev/lib/libspconv.so: undefined reference to `PyTuple_Size'
[12.147s] /usr/bin/ld: /root/miniconda3/envs/fastbev/lib/libspconv.so: undefined reference to `PyObject_GenericGetDict'
[12.147s] collect2: error: ld returned 1 exit status
[12.147s] make[2]: *** [CMakeFiles/fastbev_node.dir/build.make:219: fastbev_node] Error 1
[12.147s] make[1]: *** [CMakeFiles/Makefile2:137: CMakeFiles/fastbev_node.dir/all] Error 2
[12.149s] make: *** [Makefile:146: all] Error 2
[12.152s] Invoked command in '/root/autodl-tmp/ros2_ws/src/build/fastbev_trt_ros' returned '2': CMAKE_PREFIX_PATH=/opt/ros/foxy CONDA_PROMPT_MODIFIER=(base) /root/miniconda3/bin/cmake --build /root/autodl-tmp/ros2_ws/src/build/fastbev_trt_ros -- -j192 -l192
